<testsuites name="jest tests" tests="1" failures="0" time="3.087">
  <testsuite name="VidispineItem" errors="0" failures="0" skipped="0" timestamp="2020-07-29T16:46:39" time="2.487" tests="1">
    <testcase classname="VidispineItem should parse a correctly formatted item and retrieve fields from the root" name="VidispineItem should parse a correctly formatted item and retrieve fields from the root" time="0.024">
    </testcase>
  </testsuite>
</testsuites>